Arguments: 
  C:\Program Files\nodejs\node.exe C:\Program Files (x86)\Yarn\bin\yarn.js

PATH: 
  C:\Python27\python\;C:\Python27\python\Scripts;C:\Perl\site\bin;C:\Perl\bin;C:\ProgramData\Oracle\Java\javapath;C:\Program Files (x86)\NVIDIA Corporation\PhysX\Common;C:\Program Files (x86)\Intel\iCLS Client\;C:\Program Files\Intel\iCLS Client\;C:\WINDOWS\system32;C:\WINDOWS;C:\WINDOWS\System32\Wbem;C:\WINDOWS\System32\WindowsPowerShell\v1.0\;C:\Program Files\Intel\Intel(R) Management Engine Components\DAL;C:\Program Files\Intel\Intel(R) Management Engine Components\IPT;C:\Program Files (x86)\Intel\Intel(R) Management Engine Components\DAL;C:\Program Files (x86)\Intel\Intel(R) Management Engine Components\IPT;C:\Program Files\Java\jdk1.8.0_121\;d:\php-7.0.13;C:\Program Files\Microsoft\Web Platform Installer\;C:\Program Files (x86)\Microsoft ASP.NET\ASP.NET Web Pages\v1.0\;C:\Program Files (x86)\Windows Kits\8.0\Windows Performance Toolkit\;C:\Program Files\Microsoft SQL Server\110\Tools\Binn\;C:\Program Files\MySQL\MySQL Server 5.5\bin;C:\Program Files\Git\cmd;D:\wamp\bin;D:\wamp\MySQL Server 5.5\bin;C:\Program Files (x86)\MySQL\MySQL Server 5.5\bin;C:\Program Files\nodejs\;C:\Program Files (x86)\Yarn\bin;D:\SVN\bin;D:\Ruby24-x64\bin;C:\Users\houyawei\AppData\Local\Microsoft\WindowsApps;C:\Users\houyawei\AppData\Roaming\npm;C:\Program Files\Microsoft VS Code\bin;C:\Users\houyawei\AppData\Local\Yarn\bin

Yarn version: 
  1.3.2

Node version: 
  8.11.1

Platform: 
  win32 x64

npm manifest: 
  {
    "name": "bysj",
    "version": "1.0.0",
    "description": "Nuxt.js project",
    "author": "Vsunshine <1157113088@qq.com>",
    "private": true,
    "scripts": {
      "dev": "nuxt",
      "build": "nuxt build",
      "start": "nuxt start",
      "generate": "nuxt generate",
      "lint": "eslint --ext .js,.vue --ignore-path .gitignore .",
      "precommit": "npm run lint"
    },
    "dependencies": {
      "nuxt": "^1.0.0"
    },
    "devDependencies": {
      "babel-eslint": "^8.2.1",
      "eslint": "^4.15.0",
      "eslint-friendly-formatter": "^3.0.0",
      "eslint-loader": "^1.7.1",
      "eslint-plugin-vue": "^4.0.0"
    }
  }

yarn manifest: 
  No manifest

Lockfile: 
  No lockfile

Trace: 
  Error: getaddrinfo ENOTFOUND registry.npm.taobao.org registry.npm.taobao.org:443
      at errnoException (dns.js:50:10)
      at GetAddrInfoReqWrap.onlookup [as oncomplete] (dns.js:92:26)
